{"/Users/user/ViniciusLeite/bl-homework/src/components/index.ts": {"path":"/Users/user/ViniciusLeite/bl-homework/src/components/index.ts","statementMap":{},"fnMap":{},"branchMap":{},"s":{},"f":{},"b":{},"_coverageSchema":"1a1c01bbd47fc00a2c39e90264f33305004495a9","hash":"82a11e3ccdae3ae00e7225624623e50785844d13"}
,"/Users/user/ViniciusLeite/bl-homework/src/components/Box/Box.tsx": {"path":"/Users/user/ViniciusLeite/bl-homework/src/components/Box/Box.tsx","statementMap":{"0":{"start":{"line":4,"column":19},"end":{"line":4,"column":37}}},"fnMap":{},"branchMap":{},"s":{"0":1},"f":{},"b":{},"_coverageSchema":"1a1c01bbd47fc00a2c39e90264f33305004495a9","hash":"a8d6ae554d99f3915d4bc407c49ee2a19dff066b"}
,"/Users/user/ViniciusLeite/bl-homework/src/components/Container/Container.tsx": {"path":"/Users/user/ViniciusLeite/bl-homework/src/components/Container/Container.tsx","statementMap":{"0":{"start":{"line":9,"column":51},"end":{"line":20,"column":1}},"1":{"start":{"line":10,"column":25},"end":{"line":10,"column":44}},"2":{"start":{"line":11,"column":15},"end":{"line":11,"column":28}},"3":{"start":{"line":13,"column":20},"end":{"line":13,"column":52}},"4":{"start":{"line":14,"column":23},"end":{"line":14,"column":58}},"5":{"start":{"line":15,"column":1},"end":{"line":19,"column":2}}},"fnMap":{"0":{"name":"(anonymous_0)","decl":{"start":{"line":9,"column":51},"end":{"line":9,"column":52}},"loc":{"start":{"line":9,"column":69},"end":{"line":20,"column":1}},"line":9}},"branchMap":{},"s":{"0":1,"1":1,"2":0,"3":0,"4":0,"5":0},"f":{"0":1},"b":{},"_coverageSchema":"1a1c01bbd47fc00a2c39e90264f33305004495a9","hash":"8780407748fa3545b5382cbf74953042280c0184"}
,"/Users/user/ViniciusLeite/bl-homework/src/components/Text/Text.tsx": {"path":"/Users/user/ViniciusLeite/bl-homework/src/components/Text/Text.tsx","statementMap":{"0":{"start":{"line":4,"column":19},"end":{"line":4,"column":31}},"1":{"start":{"line":6,"column":30},"end":{"line":8,"column":1}},"2":{"start":{"line":7,"column":1},"end":{"line":7,"column":42}}},"fnMap":{"0":{"name":"(anonymous_0)","decl":{"start":{"line":6,"column":30},"end":{"line":6,"column":31}},"loc":{"start":{"line":6,"column":36},"end":{"line":8,"column":1}},"line":6}},"branchMap":{},"s":{"0":1,"1":1,"2":0},"f":{"0":0},"b":{},"_coverageSchema":"1a1c01bbd47fc00a2c39e90264f33305004495a9","hash":"271dd13f486316705b99878da8a1ca72b7ef4533"}
,"/Users/user/ViniciusLeite/bl-homework/src/hooks/useAppTheme.tsx": {"path":"/Users/user/ViniciusLeite/bl-homework/src/hooks/useAppTheme.tsx","statementMap":{"0":{"start":{"line":4,"column":27},"end":{"line":4,"column":50}},"1":{"start":{"line":4,"column":33},"end":{"line":4,"column":50}}},"fnMap":{"0":{"name":"(anonymous_0)","decl":{"start":{"line":4,"column":27},"end":{"line":4,"column":28}},"loc":{"start":{"line":4,"column":33},"end":{"line":4,"column":50}},"line":4}},"branchMap":{},"s":{"0":1,"1":0},"f":{"0":0},"b":{},"_coverageSchema":"1a1c01bbd47fc00a2c39e90264f33305004495a9","hash":"c2e8e1f280515ecc6a5e8501d9f443c6c45fb5c0"}
,"/Users/user/ViniciusLeite/bl-homework/src/modules/login/screen/LoginScreen/LoginScreen.tsx": {"path":"/Users/user/ViniciusLeite/bl-homework/src/modules/login/screen/LoginScreen/LoginScreen.tsx","statementMap":{"0":{"start":{"line":4,"column":37},"end":{"line":6,"column":1}},"1":{"start":{"line":5,"column":1},"end":{"line":5,"column":31}}},"fnMap":{"0":{"name":"(anonymous_0)","decl":{"start":{"line":4,"column":37},"end":{"line":4,"column":38}},"loc":{"start":{"line":4,"column":43},"end":{"line":6,"column":1}},"line":4}},"branchMap":{},"s":{"0":1,"1":2},"f":{"0":2},"b":{},"_coverageSchema":"1a1c01bbd47fc00a2c39e90264f33305004495a9","hash":"6dde57446455cc2af61db4eefa5c67d7538b82aa"}
}
